<?xml version="1.0" encoding="UTF-8"?>
<testng-results ignored="0" total="1" passed="1" failed="0" skipped="0">
  <reporter-output>
  </reporter-output>
  <suite started-at="2026-07-07T23:19:26 MDT" name="Default suite" finished-at="2026-07-07T23:19:42 MDT" duration-ms="16445">
    <groups>
    </groups>
    <test started-at="2026-07-07T23:19:26 MDT" name="Default test" finished-at="2026-07-07T23:19:42 MDT" duration-ms="16445">
      <class name="com.calley.tests.LoginTest">
        <test-method is-config="true" signature="setup()[pri:0, instance:com.calley.tests.LoginTest@11dee337]" started-at="2026-07-07T23:19:26 MDT" name="setup" finished-at="2026-07-07T23:19:40 MDT" duration-ms="14095" status="PASS">
          <reporter-output>
          </reporter-output>
        </test-method> <!-- setup -->
        <test-method signature="openLoginPage()[pri:0, instance:com.calley.tests.LoginTest@11dee337]" started-at="2026-07-07T23:19:40 MDT" name="openLoginPage" finished-at="2026-07-07T23:19:42 MDT" duration-ms="1159" status="PASS">
          <reporter-output>
          </reporter-output>
        </test-method> <!-- openLoginPage -->
        <test-method is-config="true" signature="tearDown()[pri:0, instance:com.calley.tests.LoginTest@11dee337]" started-at="2026-07-07T23:19:42 MDT" name="tearDown" finished-at="2026-07-07T23:19:42 MDT" duration-ms="909" status="PASS">
          <reporter-output>
          </reporter-output>
        </test-method> <!-- tearDown -->
      </class> <!-- com.calley.tests.LoginTest -->
    </test> <!-- Default test -->
  </suite> <!-- Default suite -->
</testng-results>
